生成启动时间为 2015/10/27 10:29:18。
     1>项目“E:\graphical\141116_Undistort_Scaramuzza\141116_Undistort_Scaramuzza\141116_Undistort_Scaramuzza.vcxproj”在节点 2 上(rebuild 个目标)。
       项目文件包含 ToolsVersion="12.0" 设置，而此版本的 MSBuild 不支持该工具版本。该项目将视为包含 ToolsVersion="4.0" 设置。
     1>InitializeBuildStatus:
         正在创建“Debug\141116_Undistort_Scaramuzza.unsuccessfulbuild”，因为已指定“AlwaysCreate”。
       ClCompile:
         d:\Program Files (x86)\Visual Studio 2010\apply\VC\bin\CL.exe /c /ZI /nologo /W3 /WX- /Od /Oy- /D WIN32 /D _DEBUG /D _CONSOLE /D _UNICODE /D UNICODE /Gm /EHsc /RTC1 /MDd /GS /fp:precise /Zc:wchar_t /Zc:forScope /Fo"Debug\\" /Fd"Debug\vc100.pdb" /Gd /TP /analyze- /errorReport:prompt main.cpp ocam_functions.cpp
         ocam_functions.cpp
     1>d:\opencv\opencv\build\include\opencv2\flann\logger.h(66): warning C4996: 'fopen': This function or variable may be unsafe. Consider using fopen_s instead. To disable deprecation, use _CRT_SECURE_NO_WARNINGS. See online help for details.
                 d:\program files (x86)\visual studio 2010\apply\vc\include\stdio.h(234) : 参见“fopen”的声明
     1>e:\graphical\141116_undistort_scaramuzza\141116_undistort_scaramuzza\ocam_functions.cpp(29): warning C4996: 'fopen': This function or variable may be unsafe. Consider using fopen_s instead. To disable deprecation, use _CRT_SECURE_NO_WARNINGS. See online help for details.
                 d:\program files (x86)\visual studio 2010\apply\vc\include\stdio.h(234) : 参见“fopen”的声明
     1>e:\graphical\141116_undistort_scaramuzza\141116_undistort_scaramuzza\ocam_functions.cpp(37): warning C4996: 'fscanf': This function or variable may be unsafe. Consider using fscanf_s instead. To disable deprecation, use _CRT_SECURE_NO_WARNINGS. See online help for details.
                 d:\program files (x86)\visual studio 2010\apply\vc\include\stdio.h(253) : 参见“fscanf”的声明
     1>e:\graphical\141116_undistort_scaramuzza\141116_undistort_scaramuzza\ocam_functions.cpp(38): warning C4996: 'fscanf': This function or variable may be unsafe. Consider using fscanf_s instead. To disable deprecation, use _CRT_SECURE_NO_WARNINGS. See online help for details.
                 d:\program files (x86)\visual studio 2010\apply\vc\include\stdio.h(253) : 参见“fscanf”的声明
     1>e:\graphical\141116_undistort_scaramuzza\141116_undistort_scaramuzza\ocam_functions.cpp(41): warning C4996: 'fscanf': This function or variable may be unsafe. Consider using fscanf_s instead. To disable deprecation, use _CRT_SECURE_NO_WARNINGS. See online help for details.
                 d:\program files (x86)\visual studio 2010\apply\vc\include\stdio.h(253) : 参见“fscanf”的声明
     1>e:\graphical\141116_undistort_scaramuzza\141116_undistort_scaramuzza\ocam_functions.cpp(45): warning C4996: 'fscanf': This function or variable may be unsafe. Consider using fscanf_s instead. To disable deprecation, use _CRT_SECURE_NO_WARNINGS. See online help for details.
                 d:\program files (x86)\visual studio 2010\apply\vc\include\stdio.h(253) : 参见“fscanf”的声明
     1>e:\graphical\141116_undistort_scaramuzza\141116_undistort_scaramuzza\ocam_functions.cpp(47): warning C4996: 'fscanf': This function or variable may be unsafe. Consider using fscanf_s instead. To disable deprecation, use _CRT_SECURE_NO_WARNINGS. See online help for details.
                 d:\program files (x86)\visual studio 2010\apply\vc\include\stdio.h(253) : 参见“fscanf”的声明
     1>e:\graphical\141116_undistort_scaramuzza\141116_undistort_scaramuzza\ocam_functions.cpp(48): warning C4996: 'fscanf': This function or variable may be unsafe. Consider using fscanf_s instead. To disable deprecation, use _CRT_SECURE_NO_WARNINGS. See online help for details.
                 d:\program files (x86)\visual studio 2010\apply\vc\include\stdio.h(253) : 参见“fscanf”的声明
     1>e:\graphical\141116_undistort_scaramuzza\141116_undistort_scaramuzza\ocam_functions.cpp(51): warning C4996: 'fscanf': This function or variable may be unsafe. Consider using fscanf_s instead. To disable deprecation, use _CRT_SECURE_NO_WARNINGS. See online help for details.
                 d:\program files (x86)\visual studio 2010\apply\vc\include\stdio.h(253) : 参见“fscanf”的声明
     1>e:\graphical\141116_undistort_scaramuzza\141116_undistort_scaramuzza\ocam_functions.cpp(55): warning C4996: 'fscanf': This function or variable may be unsafe. Consider using fscanf_s instead. To disable deprecation, use _CRT_SECURE_NO_WARNINGS. See online help for details.
                 d:\program files (x86)\visual studio 2010\apply\vc\include\stdio.h(253) : 参见“fscanf”的声明
     1>e:\graphical\141116_undistort_scaramuzza\141116_undistort_scaramuzza\ocam_functions.cpp(57): warning C4996: 'fscanf': This function or variable may be unsafe. Consider using fscanf_s instead. To disable deprecation, use _CRT_SECURE_NO_WARNINGS. See online help for details.
                 d:\program files (x86)\visual studio 2010\apply\vc\include\stdio.h(253) : 参见“fscanf”的声明
     1>e:\graphical\141116_undistort_scaramuzza\141116_undistort_scaramuzza\ocam_functions.cpp(58): warning C4996: 'fscanf': This function or variable may be unsafe. Consider using fscanf_s instead. To disable deprecation, use _CRT_SECURE_NO_WARNINGS. See online help for details.
                 d:\program files (x86)\visual studio 2010\apply\vc\include\stdio.h(253) : 参见“fscanf”的声明
     1>e:\graphical\141116_undistort_scaramuzza\141116_undistort_scaramuzza\ocam_functions.cpp(62): warning C4996: 'fscanf': This function or variable may be unsafe. Consider using fscanf_s instead. To disable deprecation, use _CRT_SECURE_NO_WARNINGS. See online help for details.
                 d:\program files (x86)\visual studio 2010\apply\vc\include\stdio.h(253) : 参见“fscanf”的声明
     1>e:\graphical\141116_undistort_scaramuzza\141116_undistort_scaramuzza\ocam_functions.cpp(63): warning C4996: 'fscanf': This function or variable may be unsafe. Consider using fscanf_s instead. To disable deprecation, use _CRT_SECURE_NO_WARNINGS. See online help for details.
                 d:\program files (x86)\visual studio 2010\apply\vc\include\stdio.h(253) : 参见“fscanf”的声明
     1>e:\graphical\141116_undistort_scaramuzza\141116_undistort_scaramuzza\ocam_functions.cpp(67): warning C4996: 'fscanf': This function or variable may be unsafe. Consider using fscanf_s instead. To disable deprecation, use _CRT_SECURE_NO_WARNINGS. See online help for details.
                 d:\program files (x86)\visual studio 2010\apply\vc\include\stdio.h(253) : 参见“fscanf”的声明
     1>e:\graphical\141116_undistort_scaramuzza\141116_undistort_scaramuzza\ocam_functions.cpp(68): warning C4996: 'fscanf': This function or variable may be unsafe. Consider using fscanf_s instead. To disable deprecation, use _CRT_SECURE_NO_WARNINGS. See online help for details.
                 d:\program files (x86)\visual studio 2010\apply\vc\include\stdio.h(253) : 参见“fscanf”的声明
     1>e:\graphical\141116_undistort_scaramuzza\141116_undistort_scaramuzza\ocam_functions.cpp(160): warning C4244: “初始化”: 从“double”转换到“float”，可能丢失数据
     1>e:\graphical\141116_undistort_scaramuzza\141116_undistort_scaramuzza\ocam_functions.cpp(161): warning C4244: “初始化”: 从“double”转换到“float”，可能丢失数据
     1>e:\graphical\141116_undistort_scaramuzza\141116_undistort_scaramuzza\ocam_functions.cpp(192): warning C4244: “=”: 从“double”转换到“float”，可能丢失数据
         main.cpp
     1>d:\opencv\opencv\build\include\opencv2\flann\logger.h(66): warning C4996: 'fopen': This function or variable may be unsafe. Consider using fopen_s instead. To disable deprecation, use _CRT_SECURE_NO_WARNINGS. See online help for details.
                 d:\program files (x86)\visual studio 2010\apply\vc\include\stdio.h(234) : 参见“fopen”的声明
     1>e:\graphical\141116_undistort_scaramuzza\141116_undistort_scaramuzza\main.cpp(105): warning C4244: “参数”: 从“double”转换到“float”，可能丢失数据
     1>e:\graphical\141116_undistort_scaramuzza\141116_undistort_scaramuzza\main.cpp(105): warning C4244: “参数”: 从“double”转换到“float”，可能丢失数据
         正在生成代码...
       Link:
         d:\Program Files (x86)\Visual Studio 2010\apply\VC\bin\link.exe /ERRORREPORT:PROMPT /OUT:"E:\graphical\141116_Undistort_Scaramuzza\Debug\141116_Undistort_Scaramuzza.exe" /INCREMENTAL /NOLOGO kernel32.lib user32.lib gdi32.lib winspool.lib comdlg32.lib advapi32.lib shell32.lib ole32.lib oleaut32.lib uuid.lib odbc32.lib odbccp32.lib opencv_calib3d249d.lib opencv_contrib249d.lib opencv_core249d.lib opencv_features2d249d.lib opencv_flann249d.lib opencv_gpu249d.lib opencv_highgui249d.lib opencv_imgproc249d.lib opencv_legacy249d.lib opencv_ml249d.lib opencv_nonfree249d.lib opencv_objdetect249d.lib opencv_ocl249d.lib opencv_photo249d.lib opencv_stitching249d.lib opencv_superres249d.lib opencv_ts249d.lib opencv_video249d.lib opencv_videostab249d.lib cublas.lib cublas_device.lib cuda.lib cudadevrt.lib cudart.lib cudart_static.lib cufft.lib cufftw.lib curand.lib cusparse.lib nppc.lib nppi.lib npps.lib nvcuvid.lib OpenCL.lib opencv_ml249d.lib opencv_calib3d249d.lib opencv_contrib249d.lib opencv_core249d.lib opencv_features2d249d.lib opencv_flann249d.lib opencv_gpu249d.lib opencv_highgui249d.lib opencv_imgproc249d.lib opencv_legacy249d.lib opencv_objdetect249d.lib opencv_ts249d.lib opencv_video249d.lib opencv_nonfree249d.lib opencv_ocl249d.lib opencv_photo249d.lib opencv_stitching249d.lib opencv_superres249d.lib opencv_videostab249d.lib opencv_objdetect249.lib opencv_ts249.lib opencv_video249.lib opencv_nonfree249.lib opencv_ocl249.lib opencv_photo249.lib opencv_stitching249.lib opencv_superres249.lib opencv_videostab249.lib opencv_calib3d249.lib opencv_contrib249.lib opencv_core249.lib opencv_features2d249.lib opencv_flann249.lib opencv_gpu249.lib opencv_highgui249.lib opencv_imgproc249.lib opencv_legacy249.lib opencv_ml249.lib kernel32.lib user32.lib gdi32.lib winspool.lib comdlg32.lib advapi32.lib shell32.lib ole32.lib oleaut32.lib uuid.lib odbc32.lib odbccp32.lib /MANIFEST /ManifestFile:"Debug\141116_Undistort_Scaramuzza.exe.intermediate.manifest" /MANIFESTUAC:"level='asInvoker' uiAccess='false'" /DEBUG /PDB:"E:\graphical\141116_Undistort_Scaramuzza\Debug\141116_Undistort_Scaramuzza.pdb" /SUBSYSTEM:CONSOLE /TLBID:1 /DYNAMICBASE /NXCOMPAT /IMPLIB:"E:\graphical\141116_Undistort_Scaramuzza\Debug\141116_Undistort_Scaramuzza.lib" /MACHINE:X86 Debug\main.obj
         Debug\ocam_functions.obj
     1>LINK : fatal error LNK1104: 无法打开文件“cublas.lib”
     1>已完成生成项目“E:\graphical\141116_Undistort_Scaramuzza\141116_Undistort_Scaramuzza\141116_Undistort_Scaramuzza.vcxproj”(rebuild 个目标)的操作 - 失败。

生成失败。

已用时间 00:00:02.77
